c:\users\joaof\desktop\avt_project\myavt_template\x64\release\vc143.pdb
c:\users\joaof\desktop\avt_project\myavt_template\x64\release\texture.obj
c:\users\joaof\desktop\avt_project\myavt_template\x64\release\shader.obj
c:\users\joaof\desktop\avt_project\myavt_template\x64\release\renderer.obj
c:\users\joaof\desktop\avt_project\myavt_template\x64\release\mathutility.obj
c:\users\joaof\desktop\avt_project\myavt_template\x64\release\basic_geometry.obj
c:\users\joaof\desktop\avt_project\myavt_template\x64\release\lightdemo.obj
c:\users\joaof\desktop\avt_project\x64\release\myavt_template.exe
c:\users\joaof\desktop\avt_project\x64\release\myavt_template.pdb
c:\users\joaof\desktop\avt_project\myavt_template\x64\release\myavt_template.ipdb
c:\users\joaof\desktop\avt_project\myavt_template\x64\release\myavt_template.iobj
c:\users\tomas\onedrive\desktop\university\avt\lab_assignment_1\avt_project\myavt_template\x64\release\basic_geometry.obj
c:\users\tomas\onedrive\desktop\university\avt\lab_assignment_1\avt_project\myavt_template\x64\release\lightdemo.obj
c:\users\tomas\onedrive\desktop\university\avt\lab_assignment_1\avt_project\myavt_template\x64\release\mathutility.obj
c:\users\tomas\onedrive\desktop\university\avt\lab_assignment_1\avt_project\myavt_template\x64\release\renderer.obj
c:\users\tomas\onedrive\desktop\university\avt\lab_assignment_1\avt_project\myavt_template\x64\release\shader.obj
c:\users\tomas\onedrive\desktop\university\avt\lab_assignment_1\avt_project\myavt_template\x64\release\texture.obj
c:\users\tomas\onedrive\desktop\university\avt\lab_assignment_1\avt_project\myavt_template\x64\release\myavt_template.ipdb
c:\users\tomas\onedrive\desktop\university\avt\lab_assignment_1\avt_project\myavt_template\x64\release\myavt_template.iobj
c:\users\tomas\onedrive\desktop\university\avt\lab_assignment_1\avt_project\myavt_template\x64\release\vc143.pdb
c:\users\tomas\onedrive\desktop\university\avt\lab_assignment_1\avt_project\x64\release\myavt_template.pdb
c:\users\tomas\onedrive\desktop\university\avt\lab_assignment_1\avt_project\x64\release\myavt_template.exe
c:\users\tomas\onedrive\desktop\university\avt\lab_assignment_1\avt_project\myavt_template\x64\release\myavt_template.tlog\cl.command.1.tlog
c:\users\tomas\onedrive\desktop\university\avt\lab_assignment_1\avt_project\myavt_template\x64\release\myavt_template.tlog\cl.items.tlog
c:\users\tomas\onedrive\desktop\university\avt\lab_assignment_1\avt_project\myavt_template\x64\release\myavt_template.tlog\cl.read.1.tlog
c:\users\tomas\onedrive\desktop\university\avt\lab_assignment_1\avt_project\myavt_template\x64\release\myavt_template.tlog\cl.write.1.tlog
c:\users\tomas\onedrive\desktop\university\avt\lab_assignment_1\avt_project\myavt_template\x64\release\myavt_template.tlog\link.command.1.tlog
c:\users\tomas\onedrive\desktop\university\avt\lab_assignment_1\avt_project\myavt_template\x64\release\myavt_template.tlog\link.read.1.tlog
c:\users\tomas\onedrive\desktop\university\avt\lab_assignment_1\avt_project\myavt_template\x64\release\myavt_template.tlog\link.secondary.1.tlog
c:\users\tomas\onedrive\desktop\university\avt\lab_assignment_1\avt_project\myavt_template\x64\release\myavt_template.tlog\link.write.1.tlog
