  lightDemo.cpp
C:\Users\joaof\Desktop\AVT_Project\MyAVT_Template\AVT_Project\MyAVT_Template\lightDemo.cpp(429,18): warning C4244: '=': conversion from 'double' to 'GLfloat', possible loss of data
C:\Users\joaof\Desktop\AVT_Project\MyAVT_Template\AVT_Project\MyAVT_Template\lightDemo.cpp(430,15): warning C4244: '=': conversion from 'double' to 'GLfloat', possible loss of data
C:\Users\joaof\Desktop\AVT_Project\MyAVT_Template\AVT_Project\MyAVT_Template\lightDemo.cpp(431,21): warning C4244: '=': conversion from 'double' to 'GLfloat', possible loss of data
C:\Users\joaof\Desktop\AVT_Project\MyAVT_Template\AVT_Project\MyAVT_Template\lightDemo.cpp(476,10): warning C4305: 'initializing': truncation from 'double' to 'float'
C:\Users\joaof\Desktop\AVT_Project\MyAVT_Template\AVT_Project\MyAVT_Template\lightDemo.cpp(1367,21): warning C4244: '=': conversion from 'double' to 'float', possible loss of data
C:\Users\joaof\Desktop\AVT_Project\MyAVT_Template\AVT_Project\MyAVT_Template\lightDemo.cpp(1368,18): warning C4244: '=': conversion from 'double' to 'float', possible loss of data
C:\Users\joaof\Desktop\AVT_Project\MyAVT_Template\AVT_Project\MyAVT_Template\lightDemo.cpp(1370,22): warning C4244: '=': conversion from 'int' to 'float', possible loss of data
C:\Users\joaof\Desktop\AVT_Project\MyAVT_Template\AVT_Project\MyAVT_Template\lightDemo.cpp(1371,20): warning C4244: '=': conversion from 'int' to 'float', possible loss of data
C:\Users\joaof\Desktop\AVT_Project\MyAVT_Template\AVT_Project\MyAVT_Template\lightDemo.cpp(1396,38): warning C4244: '=': conversion from 'float' to 'int', possible loss of data
C:\Users\joaof\Desktop\AVT_Project\MyAVT_Template\AVT_Project\MyAVT_Template\lightDemo.cpp(1341,25): warning C4101: 'alpha': unreferenced local variable
C:\Users\joaof\Desktop\AVT_Project\MyAVT_Template\AVT_Project\MyAVT_Template\lightDemo.cpp(1484,31): warning C4018: '<': signed/unsigned mismatch
C:\Users\joaof\Desktop\AVT_Project\MyAVT_Template\AVT_Project\MyAVT_Template\lightDemo.cpp(1879,16): warning C4101: 'particle_rate': unreferenced local variable
C:\Users\joaof\Desktop\AVT_Project\MyAVT_Template\AVT_Project\MyAVT_Template\lightDemo.cpp(2482,106): warning C4244: 'argument': conversion from 'int' to 'float', possible loss of data
C:\Users\joaof\Desktop\AVT_Project\MyAVT_Template\AVT_Project\MyAVT_Template\lightDemo.cpp(2482,73): warning C4244: 'argument': conversion from 'int' to 'float', possible loss of data
C:\Users\joaof\Desktop\AVT_Project\MyAVT_Template\AVT_Project\MyAVT_Template\lightDemo.cpp(2482,56): warning C4244: 'argument': conversion from 'int' to 'float', possible loss of data
C:\Users\joaof\Desktop\AVT_Project\MyAVT_Template\AVT_Project\MyAVT_Template\lightDemo.cpp(2482,23): warning C4244: 'argument': conversion from 'int' to 'float', possible loss of data
C:\Users\joaof\Desktop\AVT_Project\MyAVT_Template\AVT_Project\MyAVT_Template\lightDemo.cpp(2527,107): warning C4244: 'argument': conversion from 'int' to 'float', possible loss of data
C:\Users\joaof\Desktop\AVT_Project\MyAVT_Template\AVT_Project\MyAVT_Template\lightDemo.cpp(2527,74): warning C4244: 'argument': conversion from 'int' to 'float', possible loss of data
C:\Users\joaof\Desktop\AVT_Project\MyAVT_Template\AVT_Project\MyAVT_Template\lightDemo.cpp(2527,57): warning C4244: 'argument': conversion from 'int' to 'float', possible loss of data
C:\Users\joaof\Desktop\AVT_Project\MyAVT_Template\AVT_Project\MyAVT_Template\lightDemo.cpp(2527,24): warning C4244: 'argument': conversion from 'int' to 'float', possible loss of data
C:\Users\joaof\Desktop\AVT_Project\MyAVT_Template\AVT_Project\MyAVT_Template\lightDemo.cpp(2550,48): warning C4838: conversion from 'int' to 'float' requires a narrowing conversion
C:\Users\joaof\Desktop\AVT_Project\MyAVT_Template\AVT_Project\MyAVT_Template\lightDemo.cpp(2550,48): warning C4244: 'initializing': conversion from 'int' to 'float', possible loss of data
C:\Users\joaof\Desktop\AVT_Project\MyAVT_Template\AVT_Project\MyAVT_Template\lightDemo.cpp(2550,62): warning C4838: conversion from 'int' to 'float' requires a narrowing conversion
C:\Users\joaof\Desktop\AVT_Project\MyAVT_Template\AVT_Project\MyAVT_Template\lightDemo.cpp(2550,62): warning C4244: 'initializing': conversion from 'int' to 'float', possible loss of data
C:\Users\joaof\Desktop\AVT_Project\MyAVT_Template\AVT_Project\MyAVT_Template\lightDemo.cpp(3143,49): warning C4244: '=': conversion from 'double' to 'float', possible loss of data
     Creating library C:\Users\joaof\Desktop\AVT_Project\MyAVT_Template\AVT_Project\x64\Debug\MyAVT_Template.lib and object C:\Users\joaof\Desktop\AVT_Project\MyAVT_Template\AVT_Project\x64\Debug\MyAVT_Template.exp
  MyAVT_Template.vcxproj -> C:\Users\joaof\Desktop\AVT_Project\MyAVT_Template\AVT_Project\x64\Debug\MyAVT_Template.exe
  0 File(s) copied
