d:\desktop_continue\university\avt\project\avt_project\myavt_template\x64\debug\vc143.pdb
d:\desktop_continue\university\avt\project\avt_project\myavt_template\x64\debug\vc143.idb
d:\desktop_continue\university\avt\project\avt_project\myavt_template\x64\debug\avtmathlib.obj
d:\desktop_continue\university\avt\project\avt_project\myavt_template\x64\debug\vsshaderlib.obj
d:\desktop_continue\university\avt\project\avt_project\myavt_template\x64\debug\texture_loader.obj
d:\desktop_continue\university\avt\project\avt_project\myavt_template\x64\debug\meshfromassimp.obj
d:\desktop_continue\university\avt\project\avt_project\myavt_template\x64\debug\texture.obj
d:\desktop_continue\university\avt\project\avt_project\myavt_template\x64\debug\shader.obj
d:\desktop_continue\university\avt\project\avt_project\myavt_template\x64\debug\renderer.obj
d:\desktop_continue\university\avt\project\avt_project\myavt_template\x64\debug\mathutility.obj
d:\desktop_continue\university\avt\project\avt_project\myavt_template\x64\debug\lightdemo.obj
d:\desktop_continue\university\avt\project\avt_project\myavt_template\x64\debug\basic_geometry.obj
d:\desktop_continue\university\avt\project\avt_project\x64\debug\myavt_template.exe
d:\desktop_continue\university\avt\project\avt_project\x64\debug\myavt_template.pdb
d:\desktop_continue\university\avt\project\avt_project\myavt_template\x64\debug\myavt_template.ilk
d:\desktop_continue\university\avt\project\avt_project\myavt_template\x64\debug\l3dbillboard.obj
d:\desktop_continue\university\avt\project\avt_project\myavt_template\x64\debug\myavt_template.tlog\cl.command.1.tlog
d:\desktop_continue\university\avt\project\avt_project\myavt_template\x64\debug\myavt_template.tlog\cl.items.tlog
d:\desktop_continue\university\avt\project\avt_project\myavt_template\x64\debug\myavt_template.tlog\cl.read.1.tlog
d:\desktop_continue\university\avt\project\avt_project\myavt_template\x64\debug\myavt_template.tlog\cl.write.1.tlog
d:\desktop_continue\university\avt\project\avt_project\myavt_template\x64\debug\myavt_template.tlog\link.command.1.tlog
d:\desktop_continue\university\avt\project\avt_project\myavt_template\x64\debug\myavt_template.tlog\link.read.1.tlog
d:\desktop_continue\university\avt\project\avt_project\myavt_template\x64\debug\myavt_template.tlog\link.secondary.1.tlog
d:\desktop_continue\university\avt\project\avt_project\myavt_template\x64\debug\myavt_template.tlog\link.write.1.tlog
